<?xml version="1.0" encoding="utf-8"?>
<coverage line-rate="0.2495" branch-rate="0.5375" version="1.9" timestamp="1770413656" lines-covered="280" lines-valid="1122" branches-covered="43" branches-valid="80">
  <sources>
    <source>/Users/elena/code/Projects/MusicLibrary.Core/MusicLibrary.Core/</source>
  </sources>
  <packages>
    <package name="MusicLibrary.Core" line-rate="0.2495" branch-rate="0.5375" complexity="200">
      <classes>
        <class name="MusicLibrary.Core.ApplicationServiceCollectionExtension" filename="ApplicationServiceCollectionExtension.cs" line-rate="0" branch-rate="1" complexity="3">
          <methods>
            <method name="AddApplicationServices" signature="(Microsoft.Extensions.DependencyInjection.IServiceCollection)" line-rate="0" branch-rate="1" complexity="1">
              <lines>
                <line number="14" hits="0" branch="False" />
                <line number="15" hits="0" branch="False" />
                <line number="16" hits="0" branch="False" />
                <line number="17" hits="0" branch="False" />
              </lines>
            </method>
            <method name="AddDatabase" signature="(Microsoft.Extensions.DependencyInjection.IServiceCollection,System.String)" line-rate="0" branch-rate="1" complexity="1">
              <lines>
                <line number="21" hits="0" branch="False" />
                <line number="22" hits="0" branch="False" />
                <line number="23" hits="0" branch="False" />
                <line number="25" hits="0" branch="False" />
                <line number="27" hits="0" branch="False" />
                <line number="28" hits="0" branch="False" />
              </lines>
            </method>
            <method name="ConfigureDiscogsApiClient" signature="(Microsoft.Extensions.DependencyInjection.IServiceCollection,System.String,System.String,System.String)" line-rate="0" branch-rate="1" complexity="1">
              <lines>
                <line number="35" hits="0" branch="False" />
                <line number="36" hits="0" branch="False" />
                <line number="38" hits="0" branch="False" />
                <line number="39" hits="0" branch="False" />
                <line number="40" hits="0" branch="False" />
                <line number="41" hits="0" branch="False" />
                <line number="42" hits="0" branch="False" />
                <line number="43" hits="0" branch="False" />
                <line number="44" hits="0" branch="False" />
                <line number="46" hits="0" branch="False" />
                <line number="48" hits="0" branch="False" />
                <line number="49" hits="0" branch="False" />
              </lines>
            </method>
          </methods>
          <lines>
            <line number="14" hits="0" branch="False" />
            <line number="15" hits="0" branch="False" />
            <line number="16" hits="0" branch="False" />
            <line number="17" hits="0" branch="False" />
            <line number="21" hits="0" branch="False" />
            <line number="22" hits="0" branch="False" />
            <line number="23" hits="0" branch="False" />
            <line number="25" hits="0" branch="False" />
            <line number="27" hits="0" branch="False" />
            <line number="28" hits="0" branch="False" />
            <line number="35" hits="0" branch="False" />
            <line number="36" hits="0" branch="False" />
            <line number="38" hits="0" branch="False" />
            <line number="39" hits="0" branch="False" />
            <line number="40" hits="0" branch="False" />
            <line number="41" hits="0" branch="False" />
            <line number="42" hits="0" branch="False" />
            <line number="43" hits="0" branch="False" />
            <line number="44" hits="0" branch="False" />
            <line number="46" hits="0" branch="False" />
            <line number="48" hits="0" branch="False" />
            <line number="49" hits="0" branch="False" />
          </lines>
        </class>
        <class name="MusicLibrary.Core.Services.AlbumService" filename="Services/AlbumService.cs" line-rate="0.8089" branch-rate="0.7692" complexity="29">
          <methods>
            <method name="Create" signature="(System.Collections.Generic.IEnumerable`1&lt;MusicLibrary.Core.Models.Album&gt;)" line-rate="0" branch-rate="1" complexity="1">
              <lines>
                <line number="13" hits="0" branch="False" />
                <line number="14" hits="0" branch="False" />
                <line number="15" hits="0" branch="False" />
              </lines>
            </method>
            <method name="Delete" signature="(System.Int32)" line-rate="0" branch-rate="1" complexity="1">
              <lines>
                <line number="18" hits="0" branch="False" />
                <line number="19" hits="0" branch="False" />
                <line number="20" hits="0" branch="False" />
              </lines>
            </method>
            <method name="GetAll" signature="(MusicLibrary.Core.Models.GetAllAlbumOptions)" line-rate="0.8946999999999999" branch-rate="0.75" complexity="16">
              <lines>
                <line number="23" hits="13" branch="False" />
                <line number="24" hits="13" branch="False" />
                <line number="26" hits="13" branch="False" />
                <line number="27" hits="151" branch="True" condition-coverage="50% (1/2)">
                  <conditions>
                    <condition number="11" type="jump" coverage="50%" />
                  </conditions>
                </line>
                <line number="28" hits="151" branch="False" />
                <line number="29" hits="151" branch="False" />
                <line number="31" hits="13" branch="False" />
                <line number="32" hits="147" branch="True" condition-coverage="50% (1/2)">
                  <conditions>
                    <condition number="11" type="jump" coverage="50%" />
                  </conditions>
                </line>
                <line number="33" hits="147" branch="False" />
                <line number="34" hits="147" branch="False" />
                <line number="36" hits="107" branch="True" condition-coverage="100% (2/2)">
                  <conditions>
                    <condition number="188" type="jump" coverage="100%" />
                  </conditions>
                </line>
                <line number="37" hits="34" branch="False" />
                <line number="38" hits="34" branch="False" />
                <line number="39" hits="34" branch="False" />
                <line number="41" hits="34" branch="False" />
                <line number="42" hits="34" branch="False" />
                <line number="44" hits="34" branch="False" />
                <line number="45" hits="34" branch="False" />
                <line number="46" hits="34" branch="False" />
                <line number="48" hits="13" branch="True" condition-coverage="100% (2/2)">
                  <conditions>
                    <condition number="221" type="jump" coverage="100%" />
                  </conditions>
                </line>
                <line number="49" hits="11" branch="False" />
                <line number="50" hits="88" branch="False" />
                <line number="53" hits="2" branch="True" condition-coverage="100% (4/4)">
                  <conditions>
                    <condition number="323" type="jump" coverage="100%" />
                    <condition number="330" type="jump" coverage="100%" />
                  </conditions>
                </line>
                <line number="56" hits="1" branch="True" condition-coverage="50% (1/2)">
                  <conditions>
                    <condition number="352" type="jump" coverage="50%" />
                  </conditions>
                </line>
                <line number="57" hits="0" branch="False" />
                <line number="58" hits="0" branch="False" />
                <line number="59" hits="25" branch="False" />
                <line number="60" hits="25" branch="False" />
                <line number="61" hits="1" branch="False" />
                <line number="63" hits="1" branch="True" condition-coverage="50% (1/2)">
                  <conditions>
                    <condition number="520" type="jump" coverage="50%" />
                  </conditions>
                </line>
                <line number="64" hits="25" branch="False" />
                <line number="65" hits="23" branch="False" />
                <line number="66" hits="0" branch="False" />
                <line number="67" hits="1" branch="False" />
                <line number="68" hits="1" branch="False" />
                <line number="70" hits="0" branch="False" />
                <line number="72" hits="2" branch="False" />
                <line number="73" hits="13" branch="False" />
              </lines>
            </method>
            <method name="GetById" signature="(System.Int32)" line-rate="1" branch-rate="1" complexity="2">
              <lines>
                <line number="76" hits="16" branch="False" />
                <line number="77" hits="16" branch="False" />
                <line number="79" hits="16" branch="True" condition-coverage="100% (2/2)">
                  <conditions>
                    <condition number="22" type="jump" coverage="100%" />
                  </conditions>
                </line>
                <line number="80" hits="2" branch="False" />
                <line number="81" hits="2" branch="False" />
                <line number="84" hits="14" branch="False" />
                <line number="85" hits="14" branch="False" />
                <line number="87" hits="14" branch="False" />
                <line number="88" hits="14" branch="False" />
                <line number="90" hits="14" branch="False" />
                <line number="91" hits="14" branch="False" />
                <line number="93" hits="14" branch="False" />
                <line number="94" hits="16" branch="False" />
              </lines>
            </method>
            <method name="Update" signature="(MusicLibrary.Core.Models.Album)" line-rate="0" branch-rate="0" complexity="2">
              <lines>
                <line number="97" hits="0" branch="False" />
                <line number="98" hits="0" branch="False" />
                <line number="99" hits="0" branch="True" condition-coverage="0% (0/2)">
                  <conditions>
                    <condition number="25" type="jump" coverage="0%" />
                  </conditions>
                </line>
                <line number="100" hits="0" branch="False" />
                <line number="101" hits="0" branch="False" />
                <line number="103" hits="0" branch="False" />
                <line number="104" hits="0" branch="False" />
              </lines>
            </method>
            <method name="UpdateWithDiscogsResults" signature="(System.Int32,MusicLibrary.Core.Models.DiscogsSelectedResults)" line-rate="1" branch-rate="1" complexity="6">
              <lines>
                <line number="109" hits="8" branch="False" />
                <line number="110" hits="8" branch="False" />
                <line number="112" hits="8" branch="True" condition-coverage="100% (2/2)">
                  <conditions>
                    <condition number="15" type="jump" coverage="100%" />
                  </conditions>
                </line>
                <line number="113" hits="1" branch="False" />
                <line number="114" hits="1" branch="False" />
                <line number="117" hits="7" branch="False" />
                <line number="118" hits="7" branch="False" />
                <line number="120" hits="7" branch="True" condition-coverage="100% (2/2)">
                  <conditions>
                    <condition number="66" type="jump" coverage="100%" />
                  </conditions>
                </line>
                <line number="121" hits="7" branch="False" />
                <line number="122" hits="7" branch="False" />
                <line number="123" hits="7" branch="False" />
                <line number="125" hits="7" branch="False" />
                <line number="126" hits="7" branch="False" />
                <line number="128" hits="7" branch="True" condition-coverage="100% (2/2)">
                  <conditions>
                    <condition number="129" type="jump" coverage="100%" />
                  </conditions>
                </line>
                <line number="129" hits="7" branch="False" />
                <line number="130" hits="7" branch="False" />
                <line number="131" hits="7" branch="False" />
                <line number="133" hits="7" branch="False" />
                <line number="134" hits="7" branch="False" />
                <line number="136" hits="7" branch="False" />
                <line number="138" hits="7" branch="False" />
                <line number="139" hits="8" branch="False" />
              </lines>
            </method>
            <method name=".ctor" signature="(MusicLibrary.Core.Repositories.IAlbumRepository)" line-rate="1" branch-rate="1" complexity="1">
              <lines>
                <line number="6" hits="29" branch="False" />
                <line number="7" hits="29" branch="False" />
                <line number="10" hits="29" branch="False" />
              </lines>
            </method>
          </methods>
          <lines>
            <line number="13" hits="0" branch="False" />
            <line number="14" hits="0" branch="False" />
            <line number="15" hits="0" branch="False" />
            <line number="18" hits="0" branch="False" />
            <line number="19" hits="0" branch="False" />
            <line number="20" hits="0" branch="False" />
            <line number="23" hits="13" branch="False" />
            <line number="24" hits="13" branch="False" />
            <line number="26" hits="13" branch="False" />
            <line number="27" hits="151" branch="True" condition-coverage="50% (1/2)">
              <conditions>
                <condition number="11" type="jump" coverage="50%" />
              </conditions>
            </line>
            <line number="28" hits="151" branch="False" />
            <line number="29" hits="151" branch="False" />
            <line number="31" hits="13" branch="False" />
            <line number="32" hits="147" branch="True" condition-coverage="50% (1/2)">
              <conditions>
                <condition number="11" type="jump" coverage="50%" />
              </conditions>
            </line>
            <line number="33" hits="147" branch="False" />
            <line number="34" hits="147" branch="False" />
            <line number="36" hits="107" branch="True" condition-coverage="100% (2/2)">
              <conditions>
                <condition number="188" type="jump" coverage="100%" />
              </conditions>
            </line>
            <line number="37" hits="34" branch="False" />
            <line number="38" hits="34" branch="False" />
            <line number="39" hits="34" branch="False" />
            <line number="41" hits="34" branch="False" />
            <line number="42" hits="34" branch="False" />
            <line number="44" hits="34" branch="False" />
            <line number="45" hits="34" branch="False" />
            <line number="46" hits="34" branch="False" />
            <line number="48" hits="13" branch="True" condition-coverage="100% (2/2)">
              <conditions>
                <condition number="221" type="jump" coverage="100%" />
              </conditions>
            </line>
            <line number="49" hits="11" branch="False" />
            <line number="50" hits="88" branch="False" />
            <line number="53" hits="2" branch="True" condition-coverage="100% (4/4)">
              <conditions>
                <condition number="323" type="jump" coverage="100%" />
                <condition number="330" type="jump" coverage="100%" />
              </conditions>
            </line>
            <line number="56" hits="1" branch="True" condition-coverage="50% (1/2)">
              <conditions>
                <condition number="352" type="jump" coverage="50%" />
              </conditions>
            </line>
            <line number="57" hits="0" branch="False" />
            <line number="58" hits="0" branch="False" />
            <line number="59" hits="25" branch="False" />
            <line number="60" hits="25" branch="False" />
            <line number="61" hits="1" branch="False" />
            <line number="63" hits="1" branch="True" condition-coverage="50% (1/2)">
              <conditions>
                <condition number="520" type="jump" coverage="50%" />
              </conditions>
            </line>
            <line number="64" hits="25" branch="False" />
            <line number="65" hits="23" branch="False" />
            <line number="66" hits="0" branch="False" />
            <line number="67" hits="1" branch="False" />
            <line number="68" hits="1" branch="False" />
            <line number="70" hits="0" branch="False" />
            <line number="72" hits="2" branch="False" />
            <line number="73" hits="13" branch="False" />
            <line number="76" hits="16" branch="False" />
            <line number="77" hits="16" branch="False" />
            <line number="79" hits="16" branch="True" condition-coverage="100% (2/2)">
              <conditions>
                <condition number="22" type="jump" coverage="100%" />
              </conditions>
            </line>
            <line number="80" hits="2" branch="False" />
            <line number="81" hits="2" branch="False" />
            <line number="84" hits="14" branch="False" />
            <line number="85" hits="14" branch="False" />
            <line number="87" hits="14" branch="False" />
            <line number="88" hits="14" branch="False" />
            <line number="90" hits="14" branch="False" />
            <line number="91" hits="14" branch="False" />
            <line number="93" hits="14" branch="False" />
            <line number="94" hits="16" branch="False" />
            <line number="97" hits="0" branch="False" />
            <line number="98" hits="0" branch="False" />
            <line number="99" hits="0" branch="True" condition-coverage="0% (0/2)">
              <conditions>
                <condition number="25" type="jump" coverage="0%" />
              </conditions>
            </line>
            <line number="100" hits="0" branch="False" />
            <line number="101" hits="0" branch="False" />
            <line number="103" hits="0" branch="False" />
            <line number="104" hits="0" branch="False" />
            <line number="109" hits="8" branch="False" />
            <line number="110" hits="8" branch="False" />
            <line number="112" hits="8" branch="True" condition-coverage="100% (2/2)">
              <conditions>
                <condition number="15" type="jump" coverage="100%" />
              </conditions>
            </line>
            <line number="113" hits="1" branch="False" />
            <line number="114" hits="1" branch="False" />
            <line number="117" hits="7" branch="False" />
            <line number="118" hits="7" branch="False" />
            <line number="120" hits="7" branch="True" condition-coverage="100% (2/2)">
              <conditions>
                <condition number="66" type="jump" coverage="100%" />
              </conditions>
            </line>
            <line number="121" hits="7" branch="False" />
            <line number="122" hits="7" branch="False" />
            <line number="123" hits="7" branch="False" />
            <line number="125" hits="7" branch="False" />
            <line number="126" hits="7" branch="False" />
            <line number="128" hits="7" branch="True" condition-coverage="100% (2/2)">
              <conditions>
                <condition number="129" type="jump" coverage="100%" />
              </conditions>
            </line>
            <line number="129" hits="7" branch="False" />
            <line number="130" hits="7" branch="False" />
            <line number="131" hits="7" branch="False" />
            <line number="133" hits="7" branch="False" />
            <line number="134" hits="7" branch="False" />
            <line number="136" hits="7" branch="False" />
            <line number="138" hits="7" branch="False" />
            <line number="139" hits="8" branch="False" />
            <line number="6" hits="29" branch="False" />
            <line number="7" hits="29" branch="False" />
            <line number="10" hits="29" branch="False" />
          </lines>
        </class>
        <class name="MusicLibrary.Core.Repositories.AlbumRepository" filename="Repositories/AlbumRepository.cs" line-rate="0" branch-rate="0" complexity="34">
          <methods>
            <method name="Create" signature="(System.Collections.Generic.IEnumerable`1&lt;MusicLibrary.Core.Models.Album&gt;)" line-rate="0" branch-rate="0" complexity="2">
              <lines>
                <line number="14" hits="0" branch="False" />
                <line number="15" hits="0" branch="True" condition-coverage="0% (0/2)">
                  <conditions>
                    <condition number="44" type="jump" coverage="0%" />
                  </conditions>
                </line>
                <line number="16" hits="0" branch="False" />
                <line number="17" hits="0" branch="False" />
                <line number="18" hits="0" branch="False" />
                <line number="19" hits="0" branch="False" />
                <line number="20" hits="0" branch="False" />
              </lines>
            </method>
            <method name="Delete" signature="(System.Int32)" line-rate="0" branch-rate="0" complexity="2">
              <lines>
                <line number="23" hits="0" branch="False" />
                <line number="24" hits="0" branch="False" />
                <line number="25" hits="0" branch="True" condition-coverage="0% (0/2)">
                  <conditions>
                    <condition number="130" type="jump" coverage="0%" />
                  </conditions>
                </line>
                <line number="26" hits="0" branch="False" />
                <line number="27" hits="0" branch="False" />
                <line number="29" hits="0" branch="False" />
                <line number="30" hits="0" branch="False" />
                <line number="31" hits="0" branch="False" />
              </lines>
            </method>
            <method name="AlbumExistsById" signature="(System.Int32)" line-rate="0" branch-rate="1" complexity="1">
              <lines>
                <line number="34" hits="0" branch="False" />
                <line number="35" hits="0" branch="False" />
                <line number="36" hits="0" branch="False" />
              </lines>
            </method>
            <method name="GetAll" signature="()" line-rate="0" branch-rate="1" complexity="1">
              <lines>
                <line number="39" hits="0" branch="False" />
                <line number="40" hits="0" branch="False" />
                <line number="42" hits="0" branch="False" />
                <line number="43" hits="0" branch="False" />
              </lines>
            </method>
            <method name="GetAlbumCountries" signature="(System.Int32)" line-rate="0" branch-rate="1" complexity="1">
              <lines>
                <line number="46" hits="0" branch="False" />
                <line number="47" hits="0" branch="False" />
                <line number="48" hits="0" branch="False" />
                <line number="50" hits="0" branch="False" />
                <line number="51" hits="0" branch="False" />
                <line number="52" hits="0" branch="False" />
                <line number="54" hits="0" branch="False" />
                <line number="55" hits="0" branch="False" />
              </lines>
            </method>
            <method name="GetAlbumGenres" signature="(System.Int32)" line-rate="0" branch-rate="1" complexity="1">
              <lines>
                <line number="58" hits="0" branch="False" />
                <line number="59" hits="0" branch="False" />
                <line number="60" hits="0" branch="False" />
                <line number="62" hits="0" branch="False" />
                <line number="63" hits="0" branch="False" />
                <line number="64" hits="0" branch="False" />
                <line number="66" hits="0" branch="False" />
                <line number="67" hits="0" branch="False" />
              </lines>
            </method>
            <method name="GetAlbumStyles" signature="(System.Int32)" line-rate="0" branch-rate="1" complexity="1">
              <lines>
                <line number="70" hits="0" branch="False" />
                <line number="71" hits="0" branch="False" />
                <line number="72" hits="0" branch="False" />
                <line number="74" hits="0" branch="False" />
                <line number="75" hits="0" branch="False" />
                <line number="76" hits="0" branch="False" />
                <line number="78" hits="0" branch="False" />
                <line number="79" hits="0" branch="False" />
              </lines>
            </method>
            <method name="GetById" signature="(System.Int32)" line-rate="0" branch-rate="1" complexity="1">
              <lines>
                <line number="82" hits="0" branch="False" />
                <line number="83" hits="0" branch="False" />
                <line number="85" hits="0" branch="False" />
                <line number="86" hits="0" branch="False" />
              </lines>
            </method>
            <method name="Update" signature="(MusicLibrary.Core.Models.Album)" line-rate="0" branch-rate="1" complexity="1">
              <lines>
                <line number="89" hits="0" branch="False" />
                <line number="90" hits="0" branch="False" />
                <line number="91" hits="0" branch="False" />
                <line number="93" hits="0" branch="False" />
                <line number="94" hits="0" branch="False" />
                <line number="96" hits="0" branch="False" />
                <line number="97" hits="0" branch="False" />
                <line number="99" hits="0" branch="False" />
                <line number="100" hits="0" branch="False" />
                <line number="102" hits="0" branch="False" />
                <line number="103" hits="0" branch="False" />
                <line number="105" hits="0" branch="False" />
                <line number="106" hits="0" branch="False" />
                <line number="108" hits="0" branch="False" />
                <line number="109" hits="0" branch="False" />
              </lines>
            </method>
            <method name="PersistCountries" signature="(MusicLibrary.Core.Models.Album,System.Collections.Generic.List`1&lt;System.String&gt;)" line-rate="0" branch-rate="0" complexity="6">
              <lines>
                <line number="112" hits="0" branch="False" />
                <line number="113" hits="0" branch="False" />
                <line number="114" hits="0" branch="False" />
                <line number="115" hits="0" branch="False" />
                <line number="116" hits="0" branch="True" condition-coverage="0% (0/2)">
                  <conditions>
                    <condition number="514" type="jump" coverage="0%" />
                  </conditions>
                </line>
                <line number="117" hits="0" branch="False" />
                <line number="118" hits="0" branch="False" />
                <line number="120" hits="0" branch="False" />
                <line number="121" hits="0" branch="False" />
                <line number="122" hits="0" branch="False" />
                <line number="123" hits="0" branch="True" condition-coverage="0% (0/2)">
                  <conditions>
                    <condition number="483" type="jump" coverage="0%" />
                  </conditions>
                </line>
                <line number="124" hits="0" branch="False" />
                <line number="125" hits="0" branch="False" />
                <line number="126" hits="0" branch="False" />
                <line number="127" hits="0" branch="False" />
                <line number="129" hits="0" branch="False" />
                <line number="130" hits="0" branch="False" />
                <line number="131" hits="0" branch="False" />
                <line number="132" hits="0" branch="True" condition-coverage="0% (0/2)">
                  <conditions>
                    <condition number="651" type="jump" coverage="0%" />
                  </conditions>
                </line>
                <line number="133" hits="0" branch="False" />
                <line number="134" hits="0" branch="False" />
                <line number="135" hits="0" branch="False" />
                <line number="136" hits="0" branch="False" />
                <line number="137" hits="0" branch="False" />
                <line number="138" hits="0" branch="False" />
                <line number="139" hits="0" branch="False" />
              </lines>
            </method>
            <method name="PersistCover" signature="(MusicLibrary.Core.Models.Album,System.String)" line-rate="0" branch-rate="0" complexity="2">
              <lines>
                <line number="142" hits="0" branch="False" />
                <line number="143" hits="0" branch="False" />
                <line number="144" hits="0" branch="True" condition-coverage="0% (0/2)">
                  <conditions>
                    <condition number="16" type="jump" coverage="0%" />
                  </conditions>
                </line>
                <line number="145" hits="0" branch="False" />
                <line number="146" hits="0" branch="False" />
                <line number="147" hits="0" branch="False" />
                <line number="148" hits="0" branch="False" />
              </lines>
            </method>
            <method name="PersistGenres" signature="(MusicLibrary.Core.Models.Album,System.Collections.Generic.List`1&lt;System.String&gt;)" line-rate="0" branch-rate="0" complexity="6">
              <lines>
                <line number="151" hits="0" branch="False" />
                <line number="152" hits="0" branch="False" />
                <line number="153" hits="0" branch="False" />
                <line number="154" hits="0" branch="True" condition-coverage="0% (0/2)">
                  <conditions>
                    <condition number="507" type="jump" coverage="0%" />
                  </conditions>
                </line>
                <line number="155" hits="0" branch="False" />
                <line number="156" hits="0" branch="False" />
                <line number="158" hits="0" branch="False" />
                <line number="159" hits="0" branch="False" />
                <line number="160" hits="0" branch="False" />
                <line number="161" hits="0" branch="True" condition-coverage="0% (0/2)">
                  <conditions>
                    <condition number="477" type="jump" coverage="0%" />
                  </conditions>
                </line>
                <line number="162" hits="0" branch="False" />
                <line number="163" hits="0" branch="False" />
                <line number="164" hits="0" branch="False" />
                <line number="165" hits="0" branch="False" />
                <line number="167" hits="0" branch="False" />
                <line number="168" hits="0" branch="False" />
                <line number="169" hits="0" branch="False" />
                <line number="170" hits="0" branch="True" condition-coverage="0% (0/2)">
                  <conditions>
                    <condition number="640" type="jump" coverage="0%" />
                  </conditions>
                </line>
                <line number="171" hits="0" branch="False" />
                <line number="172" hits="0" branch="False" />
                <line number="173" hits="0" branch="False" />
                <line number="174" hits="0" branch="False" />
                <line number="175" hits="0" branch="False" />
                <line number="176" hits="0" branch="False" />
                <line number="177" hits="0" branch="False" />
              </lines>
            </method>
            <method name="PersistReleaseYear" signature="(MusicLibrary.Core.Models.Album,System.String)" line-rate="0" branch-rate="0" complexity="2">
              <lines>
                <line number="180" hits="0" branch="False" />
                <line number="181" hits="0" branch="False" />
                <line number="182" hits="0" branch="True" condition-coverage="0% (0/2)">
                  <conditions>
                    <condition number="16" type="jump" coverage="0%" />
                  </conditions>
                </line>
                <line number="183" hits="0" branch="False" />
                <line number="184" hits="0" branch="False" />
                <line number="185" hits="0" branch="False" />
                <line number="186" hits="0" branch="False" />
              </lines>
            </method>
            <method name="PersistStyles" signature="(MusicLibrary.Core.Models.Album,System.Collections.Generic.List`1&lt;System.String&gt;)" line-rate="0" branch-rate="0" complexity="6">
              <lines>
                <line number="189" hits="0" branch="False" />
                <line number="190" hits="0" branch="False" />
                <line number="191" hits="0" branch="False" />
                <line number="192" hits="0" branch="True" condition-coverage="0% (0/2)">
                  <conditions>
                    <condition number="507" type="jump" coverage="0%" />
                  </conditions>
                </line>
                <line number="193" hits="0" branch="False" />
                <line number="194" hits="0" branch="False" />
                <line number="196" hits="0" branch="False" />
                <line number="197" hits="0" branch="False" />
                <line number="198" hits="0" branch="False" />
                <line number="199" hits="0" branch="True" condition-coverage="0% (0/2)">
                  <conditions>
                    <condition number="477" type="jump" coverage="0%" />
                  </conditions>
                </line>
                <line number="200" hits="0" branch="False" />
                <line number="201" hits="0" branch="False" />
                <line number="202" hits="0" branch="False" />
                <line number="203" hits="0" branch="False" />
                <line number="205" hits="0" branch="False" />
                <line number="206" hits="0" branch="False" />
                <line number="207" hits="0" branch="False" />
                <line number="208" hits="0" branch="True" condition-coverage="0% (0/2)">
                  <conditions>
                    <condition number="640" type="jump" coverage="0%" />
                  </conditions>
                </line>
                <line number="209" hits="0" branch="False" />
                <line number="210" hits="0" branch="False" />
                <line number="211" hits="0" branch="False" />
                <line number="212" hits="0" branch="False" />
                <line number="213" hits="0" branch="False" />
                <line number="214" hits="0" branch="False" />
                <line number="215" hits="0" branch="False" />
              </lines>
            </method>
            <method name=".ctor" signature="(MusicLibrary.Core.Database.MusicLibraryDbContext)" line-rate="0" branch-rate="1" complexity="1">
              <lines>
                <line number="7" hits="0" branch="False" />
                <line number="8" hits="0" branch="False" />
                <line number="11" hits="0" branch="False" />
              </lines>
            </method>
          </methods>
          <lines>
            <line number="14" hits="0" branch="False" />
            <line number="15" hits="0" branch="True" condition-coverage="0% (0/2)">
              <conditions>
                <condition number="44" type="jump" coverage="0%" />
              </conditions>
            </line>
            <line number="16" hits="0" branch="False" />
            <line number="17" hits="0" branch="False" />
            <line number="18" hits="0" branch="False" />
            <line number="19" hits="0" branch="False" />
            <line number="20" hits="0" branch="False" />
            <line number="23" hits="0" branch="False" />
            <line number="24" hits="0" branch="False" />
            <line number="25" hits="0" branch="True" condition-coverage="0% (0/2)">
              <conditions>
                <condition number="130" type="jump" coverage="0%" />
              </conditions>
            </line>
            <line number="26" hits="0" branch="False" />
            <line number="27" hits="0" branch="False" />
            <line number="29" hits="0" branch="False" />
            <line number="30" hits="0" branch="False" />
            <line number="31" hits="0" branch="False" />
            <line number="34" hits="0" branch="False" />
            <line number="35" hits="0" branch="False" />
            <line number="36" hits="0" branch="False" />
            <line number="39" hits="0" branch="False" />
            <line number="40" hits="0" branch="False" />
            <line number="42" hits="0" branch="False" />
            <line number="43" hits="0" branch="False" />
            <line number="46" hits="0" branch="False" />
            <line number="47" hits="0" branch="False" />
            <line number="48" hits="0" branch="False" />
            <line number="50" hits="0" branch="False" />
            <line number="51" hits="0" branch="False" />
            <line number="52" hits="0" branch="False" />
            <line number="54" hits="0" branch="False" />
            <line number="55" hits="0" branch="False" />
            <line number="58" hits="0" branch="False" />
            <line number="59" hits="0" branch="False" />
            <line number="60" hits="0" branch="False" />
            <line number="62" hits="0" branch="False" />
            <line number="63" hits="0" branch="False" />
            <line number="64" hits="0" branch="False" />
            <line number="66" hits="0" branch="False" />
            <line number="67" hits="0" branch="False" />
            <line number="70" hits="0" branch="False" />
            <line number="71" hits="0" branch="False" />
            <line number="72" hits="0" branch="False" />
            <line number="74" hits="0" branch="False" />
            <line number="75" hits="0" branch="False" />
            <line number="76" hits="0" branch="False" />
            <line number="78" hits="0" branch="False" />
            <line number="79" hits="0" branch="False" />
            <line number="82" hits="0" branch="False" />
            <line number="83" hits="0" branch="False" />
            <line number="85" hits="0" branch="False" />
            <line number="86" hits="0" branch="False" />
            <line number="89" hits="0" branch="False" />
            <line number="90" hits="0" branch="False" />
            <line number="91" hits="0" branch="False" />
            <line number="93" hits="0" branch="False" />
            <line number="94" hits="0" branch="False" />
            <line number="96" hits="0" branch="False" />
            <line number="97" hits="0" branch="False" />
            <line number="99" hits="0" branch="False" />
            <line number="100" hits="0" branch="False" />
            <line number="102" hits="0" branch="False" />
            <line number="103" hits="0" branch="False" />
            <line number="105" hits="0" branch="False" />
            <line number="106" hits="0" branch="False" />
            <line number="108" hits="0" branch="False" />
            <line number="109" hits="0" branch="False" />
            <line number="112" hits="0" branch="False" />
            <line number="113" hits="0" branch="False" />
            <line number="114" hits="0" branch="False" />
            <line number="115" hits="0" branch="False" />
            <line number="116" hits="0" branch="True" condition-coverage="0% (0/2)">
              <conditions>
                <condition number="514" type="jump" coverage="0%" />
              </conditions>
            </line>
            <line number="117" hits="0" branch="False" />
            <line number="118" hits="0" branch="False" />
            <line number="120" hits="0" branch="False" />
            <line number="121" hits="0" branch="False" />
            <line number="122" hits="0" branch="False" />
            <line number="123" hits="0" branch="True" condition-coverage="0% (0/2)">
              <conditions>
                <condition number="483" type="jump" coverage="0%" />
              </conditions>
            </line>
            <line number="124" hits="0" branch="False" />
            <line number="125" hits="0" branch="False" />
            <line number="126" hits="0" branch="False" />
            <line number="127" hits="0" branch="False" />
            <line number="129" hits="0" branch="False" />
            <line number="130" hits="0" branch="False" />
            <line number="131" hits="0" branch="False" />
            <line number="132" hits="0" branch="True" condition-coverage="0% (0/2)">
              <conditions>
                <condition number="651" type="jump" coverage="0%" />
              </conditions>
            </line>
            <line number="133" hits="0" branch="False" />
            <line number="134" hits="0" branch="False" />
            <line number="135" hits="0" branch="False" />
            <line number="136" hits="0" branch="False" />
            <line number="137" hits="0" branch="False" />
            <line number="138" hits="0" branch="False" />
            <line number="139" hits="0" branch="False" />
            <line number="142" hits="0" branch="False" />
            <line number="143" hits="0" branch="False" />
            <line number="144" hits="0" branch="True" condition-coverage="0% (0/2)">
              <conditions>
                <condition number="16" type="jump" coverage="0%" />
              </conditions>
            </line>
            <line number="145" hits="0" branch="False" />
            <line number="146" hits="0" branch="False" />
            <line number="147" hits="0" branch="False" />
            <line number="148" hits="0" branch="False" />
            <line number="151" hits="0" branch="False" />
            <line number="152" hits="0" branch="False" />
            <line number="153" hits="0" branch="False" />
            <line number="154" hits="0" branch="True" condition-coverage="0% (0/2)">
              <conditions>
                <condition number="507" type="jump" coverage="0%" />
              </conditions>
            </line>
            <line number="155" hits="0" branch="False" />
            <line number="156" hits="0" branch="False" />
            <line number="158" hits="0" branch="False" />
            <line number="159" hits="0" branch="False" />
            <line number="160" hits="0" branch="False" />
            <line number="161" hits="0" branch="True" condition-coverage="0% (0/2)">
              <conditions>
                <condition number="477" type="jump" coverage="0%" />
              </conditions>
            </line>
            <line number="162" hits="0" branch="False" />
            <line number="163" hits="0" branch="False" />
            <line number="164" hits="0" branch="False" />
            <line number="165" hits="0" branch="False" />
            <line number="167" hits="0" branch="False" />
            <line number="168" hits="0" branch="False" />
            <line number="169" hits="0" branch="False" />
            <line number="170" hits="0" branch="True" condition-coverage="0% (0/2)">
              <conditions>
                <condition number="640" type="jump" coverage="0%" />
              </conditions>
            </line>
            <line number="171" hits="0" branch="False" />
            <line number="172" hits="0" branch="False" />
            <line number="173" hits="0" branch="False" />
            <line number="174" hits="0" branch="False" />
            <line number="175" hits="0" branch="False" />
            <line number="176" hits="0" branch="False" />
            <line number="177" hits="0" branch="False" />
            <line number="180" hits="0" branch="False" />
            <line number="181" hits="0" branch="False" />
            <line number="182" hits="0" branch="True" condition-coverage="0% (0/2)">
              <conditions>
                <condition number="16" type="jump" coverage="0%" />
              </conditions>
            </line>
            <line number="183" hits="0" branch="False" />
            <line number="184" hits="0" branch="False" />
            <line number="185" hits="0" branch="False" />
            <line number="186" hits="0" branch="False" />
            <line number="189" hits="0" branch="False" />
            <line number="190" hits="0" branch="False" />
            <line number="191" hits="0" branch="False" />
            <line number="192" hits="0" branch="True" condition-coverage="0% (0/2)">
              <conditions>
                <condition number="507" type="jump" coverage="0%" />
              </conditions>
            </line>
            <line number="193" hits="0" branch="False" />
            <line number="194" hits="0" branch="False" />
            <line number="196" hits="0" branch="False" />
            <line number="197" hits="0" branch="False" />
            <line number="198" hits="0" branch="False" />
            <line number="199" hits="0" branch="True" condition-coverage="0% (0/2)">
              <conditions>
                <condition number="477" type="jump" coverage="0%" />
              </conditions>
            </line>
            <line number="200" hits="0" branch="False" />
            <line number="201" hits="0" branch="False" />
            <line number="202" hits="0" branch="False" />
            <line number="203" hits="0" branch="False" />
            <line number="205" hits="0" branch="False" />
            <line number="206" hits="0" branch="False" />
            <line number="207" hits="0" branch="False" />
            <line number="208" hits="0" branch="True" condition-coverage="0% (0/2)">
              <conditions>
                <condition number="640" type="jump" coverage="0%" />
              </conditions>
            </line>
            <line number="209" hits="0" branch="False" />
            <line number="210" hits="0" branch="False" />
            <line number="211" hits="0" branch="False" />
            <line number="212" hits="0" branch="False" />
            <line number="213" hits="0" branch="False" />
            <line number="214" hits="0" branch="False" />
            <line number="215" hits="0" branch="False" />
            <line number="7" hits="0" branch="False" />
            <line number="8" hits="0" branch="False" />
            <line number="11" hits="0" branch="False" />
          </lines>
        </class>
        <class name="MusicLibrary.Core.Models.Album" filename="Models/Album.cs" line-rate="0.9229999999999999" branch-rate="1" complexity="13">
          <methods>
            <method name="get_Id" signature="()" line-rate="1" branch-rate="1" complexity="1">
              <lines>
                <line number="5" hits="270" branch="False" />
              </lines>
            </method>
            <method name="get_Artist" signature="()" line-rate="1" branch-rate="1" complexity="1">
              <lines>
                <line number="6" hits="289" branch="False" />
              </lines>
            </method>
            <method name="get_Title" signature="()" line-rate="1" branch-rate="1" complexity="1">
              <lines>
                <line number="7" hits="285" branch="False" />
              </lines>
            </method>
            <method name="get_Label" signature="()" line-rate="1" branch-rate="1" complexity="1">
              <lines>
                <line number="8" hits="63" branch="False" />
              </lines>
            </method>
            <method name="get_CatalogNumber" signature="()" line-rate="1" branch-rate="1" complexity="1">
              <lines>
                <line number="9" hits="63" branch="False" />
              </lines>
            </method>
            <method name="get_PriceEuro" signature="()" line-rate="1" branch-rate="1" complexity="1">
              <lines>
                <line number="10" hits="63" branch="False" />
              </lines>
            </method>
            <method name="get_AquiredDate" signature="()" line-rate="1" branch-rate="1" complexity="1">
              <lines>
                <line number="11" hits="63" branch="False" />
              </lines>
            </method>
            <method name="get_Seller" signature="()" line-rate="0" branch-rate="1" complexity="1">
              <lines>
                <line number="12" hits="0" branch="False" />
              </lines>
            </method>
            <method name="get_Countries" signature="()" line-rate="1" branch-rate="1" complexity="1">
              <lines>
                <line number="13" hits="148" branch="False" />
              </lines>
            </method>
            <method name="get_CoverImage" signature="()" line-rate="1" branch-rate="1" complexity="1">
              <lines>
                <line number="14" hits="17" branch="False" />
              </lines>
            </method>
            <method name="get_Genres" signature="()" line-rate="1" branch-rate="1" complexity="1">
              <lines>
                <line number="15" hits="148" branch="False" />
              </lines>
            </method>
            <method name="get_ReleaseYear" signature="()" line-rate="1" branch-rate="1" complexity="1">
              <lines>
                <line number="16" hits="17" branch="False" />
              </lines>
            </method>
            <method name="get_Styles" signature="()" line-rate="1" branch-rate="1" complexity="1">
              <lines>
                <line number="17" hits="148" branch="False" />
              </lines>
            </method>
          </methods>
          <lines>
            <line number="5" hits="270" branch="False" />
            <line number="6" hits="289" branch="False" />
            <line number="7" hits="285" branch="False" />
            <line number="8" hits="63" branch="False" />
            <line number="9" hits="63" branch="False" />
            <line number="10" hits="63" branch="False" />
            <line number="11" hits="63" branch="False" />
            <line number="12" hits="0" branch="False" />
            <line number="13" hits="148" branch="False" />
            <line number="14" hits="17" branch="False" />
            <line number="15" hits="148" branch="False" />
            <line number="16" hits="17" branch="False" />
            <line number="17" hits="148" branch="False" />
          </lines>
        </class>
        <class name="MusicLibrary.Core.Models.AlbumCountry" filename="Models/AlbumCountry.cs" line-rate="0.7333" branch-rate="1" complexity="7">
          <methods>
            <method name="get_Id" signature="()" line-rate="0" branch-rate="1" complexity="1">
              <lines>
                <line number="5" hits="0" branch="False" />
              </lines>
            </method>
            <method name="get_AlbumId" signature="()" line-rate="1" branch-rate="1" complexity="1">
              <lines>
                <line number="6" hits="14" branch="False" />
              </lines>
            </method>
            <method name="get_Album" signature="()" line-rate="1" branch-rate="1" complexity="1">
              <lines>
                <line number="7" hits="12" branch="False" />
              </lines>
            </method>
            <method name="get_CountryId" signature="()" line-rate="1" branch-rate="1" complexity="1">
              <lines>
                <line number="8" hits="6" branch="False" />
              </lines>
            </method>
            <method name="get_Country" signature="()" line-rate="1" branch-rate="1" complexity="1">
              <lines>
                <line number="9" hits="18" branch="False" />
              </lines>
            </method>
            <method name=".ctor" signature="()" line-rate="0" branch-rate="1" complexity="1">
              <lines>
                <line number="11" hits="0" branch="False" />
                <line number="12" hits="0" branch="False" />
                <line number="14" hits="0" branch="False" />
              </lines>
            </method>
            <method name=".ctor" signature="(MusicLibrary.Core.Models.Album,MusicLibrary.Core.Models.Country)" line-rate="1" branch-rate="1" complexity="1">
              <lines>
                <line number="16" hits="6" branch="False" />
                <line number="17" hits="6" branch="False" />
                <line number="18" hits="6" branch="False" />
                <line number="19" hits="6" branch="False" />
                <line number="20" hits="6" branch="False" />
                <line number="21" hits="6" branch="False" />
                <line number="22" hits="6" branch="False" />
              </lines>
            </method>
          </methods>
          <lines>
            <line number="5" hits="0" branch="False" />
            <line number="6" hits="14" branch="False" />
            <line number="7" hits="12" branch="False" />
            <line number="8" hits="6" branch="False" />
            <line number="9" hits="18" branch="False" />
            <line number="11" hits="0" branch="False" />
            <line number="12" hits="0" branch="False" />
            <line number="14" hits="0" branch="False" />
            <line number="16" hits="6" branch="False" />
            <line number="17" hits="6" branch="False" />
            <line number="18" hits="6" branch="False" />
            <line number="19" hits="6" branch="False" />
            <line number="20" hits="6" branch="False" />
            <line number="21" hits="6" branch="False" />
            <line number="22" hits="6" branch="False" />
          </lines>
        </class>
        <class name="MusicLibrary.Core.Models.AlbumGenre" filename="Models/AlbumGenre.cs" line-rate="0.7333" branch-rate="1" complexity="7">
          <methods>
            <method name="get_Id" signature="()" line-rate="0" branch-rate="1" complexity="1">
              <lines>
                <line number="5" hits="0" branch="False" />
              </lines>
            </method>
            <method name="get_AlbumId" signature="()" line-rate="1" branch-rate="1" complexity="1">
              <lines>
                <line number="6" hits="14" branch="False" />
              </lines>
            </method>
            <method name="get_Album" signature="()" line-rate="1" branch-rate="1" complexity="1">
              <lines>
                <line number="7" hits="12" branch="False" />
              </lines>
            </method>
            <method name="get_GenreId" signature="()" line-rate="1" branch-rate="1" complexity="1">
              <lines>
                <line number="8" hits="6" branch="False" />
              </lines>
            </method>
            <method name="get_Genre" signature="()" line-rate="1" branch-rate="1" complexity="1">
              <lines>
                <line number="9" hits="18" branch="False" />
              </lines>
            </method>
            <method name=".ctor" signature="()" line-rate="0" branch-rate="1" complexity="1">
              <lines>
                <line number="11" hits="0" branch="False" />
                <line number="12" hits="0" branch="False" />
                <line number="14" hits="0" branch="False" />
              </lines>
            </method>
            <method name=".ctor" signature="(MusicLibrary.Core.Models.Album,MusicLibrary.Core.Models.Genre)" line-rate="1" branch-rate="1" complexity="1">
              <lines>
                <line number="16" hits="6" branch="False" />
                <line number="17" hits="6" branch="False" />
                <line number="18" hits="6" branch="False" />
                <line number="19" hits="6" branch="False" />
                <line number="20" hits="6" branch="False" />
                <line number="21" hits="6" branch="False" />
                <line number="22" hits="6" branch="False" />
              </lines>
            </method>
          </methods>
          <lines>
            <line number="5" hits="0" branch="False" />
            <line number="6" hits="14" branch="False" />
            <line number="7" hits="12" branch="False" />
            <line number="8" hits="6" branch="False" />
            <line number="9" hits="18" branch="False" />
            <line number="11" hits="0" branch="False" />
            <line number="12" hits="0" branch="False" />
            <line number="14" hits="0" branch="False" />
            <line number="16" hits="6" branch="False" />
            <line number="17" hits="6" branch="False" />
            <line number="18" hits="6" branch="False" />
            <line number="19" hits="6" branch="False" />
            <line number="20" hits="6" branch="False" />
            <line number="21" hits="6" branch="False" />
            <line number="22" hits="6" branch="False" />
          </lines>
        </class>
        <class name="MusicLibrary.Core.Models.AlbumStyles" filename="Models/AlbumStyles.cs" line-rate="0.7333" branch-rate="1" complexity="7">
          <methods>
            <method name="get_Id" signature="()" line-rate="0" branch-rate="1" complexity="1">
              <lines>
                <line number="5" hits="0" branch="False" />
              </lines>
            </method>
            <method name="get_AlbumId" signature="()" line-rate="1" branch-rate="1" complexity="1">
              <lines>
                <line number="6" hits="14" branch="False" />
              </lines>
            </method>
            <method name="get_Album" signature="()" line-rate="1" branch-rate="1" complexity="1">
              <lines>
                <line number="7" hits="12" branch="False" />
              </lines>
            </method>
            <method name="get_StyleId" signature="()" line-rate="1" branch-rate="1" complexity="1">
              <lines>
                <line number="8" hits="6" branch="False" />
              </lines>
            </method>
            <method name="get_Style" signature="()" line-rate="1" branch-rate="1" complexity="1">
              <lines>
                <line number="9" hits="18" branch="False" />
              </lines>
            </method>
            <method name=".ctor" signature="()" line-rate="0" branch-rate="1" complexity="1">
              <lines>
                <line number="11" hits="0" branch="False" />
                <line number="12" hits="0" branch="False" />
                <line number="14" hits="0" branch="False" />
              </lines>
            </method>
            <method name=".ctor" signature="(MusicLibrary.Core.Models.Album,MusicLibrary.Core.Models.Style)" line-rate="1" branch-rate="1" complexity="1">
              <lines>
                <line number="16" hits="6" branch="False" />
                <line number="17" hits="6" branch="False" />
                <line number="18" hits="6" branch="False" />
                <line number="19" hits="6" branch="False" />
                <line number="20" hits="6" branch="False" />
                <line number="21" hits="6" branch="False" />
                <line number="22" hits="6" branch="False" />
              </lines>
            </method>
          </methods>
          <lines>
            <line number="5" hits="0" branch="False" />
            <line number="6" hits="14" branch="False" />
            <line number="7" hits="12" branch="False" />
            <line number="8" hits="6" branch="False" />
            <line number="9" hits="18" branch="False" />
            <line number="11" hits="0" branch="False" />
            <line number="12" hits="0" branch="False" />
            <line number="14" hits="0" branch="False" />
            <line number="16" hits="6" branch="False" />
            <line number="17" hits="6" branch="False" />
            <line number="18" hits="6" branch="False" />
            <line number="19" hits="6" branch="False" />
            <line number="20" hits="6" branch="False" />
            <line number="21" hits="6" branch="False" />
            <line number="22" hits="6" branch="False" />
          </lines>
        </class>
        <class name="MusicLibrary.Core.Models.Country" filename="Models/Country.cs" line-rate="1" branch-rate="1" complexity="4">
          <methods>
            <method name="get_Id" signature="()" line-rate="1" branch-rate="1" complexity="1">
              <lines>
                <line number="5" hits="12" branch="False" />
              </lines>
            </method>
            <method name="get_Name" signature="()" line-rate="1" branch-rate="1" complexity="1">
              <lines>
                <line number="6" hits="24" branch="False" />
              </lines>
            </method>
            <method name=".ctor" signature="()" line-rate="1" branch-rate="1" complexity="1">
              <lines>
                <line number="8" hits="6" branch="False" />
                <line number="9" hits="6" branch="False" />
                <line number="11" hits="6" branch="False" />
              </lines>
            </method>
            <method name=".ctor" signature="(System.String)" line-rate="1" branch-rate="1" complexity="1">
              <lines>
                <line number="13" hits="6" branch="False" />
                <line number="14" hits="6" branch="False" />
                <line number="15" hits="6" branch="False" />
                <line number="16" hits="6" branch="False" />
              </lines>
            </method>
          </methods>
          <lines>
            <line number="5" hits="12" branch="False" />
            <line number="6" hits="24" branch="False" />
            <line number="8" hits="6" branch="False" />
            <line number="9" hits="6" branch="False" />
            <line number="11" hits="6" branch="False" />
            <line number="13" hits="6" branch="False" />
            <line number="14" hits="6" branch="False" />
            <line number="15" hits="6" branch="False" />
            <line number="16" hits="6" branch="False" />
          </lines>
        </class>
        <class name="MusicLibrary.Core.Models.DiscogsDto" filename="Models/DiscogsDto.cs" line-rate="0.5" branch-rate="1" complexity="2">
          <methods>
            <method name="get_pagination" signature="()" line-rate="0" branch-rate="1" complexity="1">
              <lines>
                <line number="5" hits="0" branch="False" />
              </lines>
            </method>
            <method name="get_results" signature="()" line-rate="1" branch-rate="1" complexity="1">
              <lines>
                <line number="6" hits="32" branch="False" />
              </lines>
            </method>
          </methods>
          <lines>
            <line number="5" hits="0" branch="False" />
            <line number="6" hits="32" branch="False" />
          </lines>
        </class>
        <class name="MusicLibrary.Core.Models.DiscogsDto/PaginationDto" filename="Models/DiscogsDto.cs" line-rate="0" branch-rate="1" complexity="4">
          <methods>
            <method name="get_page" signature="()" line-rate="0" branch-rate="1" complexity="1">
              <lines>
                <line number="10" hits="0" branch="False" />
              </lines>
            </method>
            <method name="get_pages" signature="()" line-rate="0" branch-rate="1" complexity="1">
              <lines>
                <line number="11" hits="0" branch="False" />
              </lines>
            </method>
            <method name="get_per_page" signature="()" line-rate="0" branch-rate="1" complexity="1">
              <lines>
                <line number="12" hits="0" branch="False" />
              </lines>
            </method>
            <method name="get_items" signature="()" line-rate="0" branch-rate="1" complexity="1">
              <lines>
                <line number="13" hits="0" branch="False" />
              </lines>
            </method>
          </methods>
          <lines>
            <line number="10" hits="0" branch="False" />
            <line number="11" hits="0" branch="False" />
            <line number="12" hits="0" branch="False" />
            <line number="13" hits="0" branch="False" />
          </lines>
        </class>
        <class name="MusicLibrary.Core.Models.DiscogsDto/ResultDto" filename="Models/DiscogsDto.cs" line-rate="1" branch-rate="1" complexity="7">
          <methods>
            <method name="get_id" signature="()" line-rate="1" branch-rate="1" complexity="1">
              <lines>
                <line number="18" hits="15" branch="False" />
              </lines>
            </method>
            <method name="get_country" signature="()" line-rate="1" branch-rate="1" complexity="1">
              <lines>
                <line number="19" hits="50" branch="False" />
              </lines>
            </method>
            <method name="get_year" signature="()" line-rate="1" branch-rate="1" complexity="1">
              <lines>
                <line number="20" hits="50" branch="False" />
              </lines>
            </method>
            <method name="get_label" signature="()" line-rate="1" branch-rate="1" complexity="1">
              <lines>
                <line number="21" hits="20" branch="False" />
              </lines>
            </method>
            <method name="get_genre" signature="()" line-rate="1" branch-rate="1" complexity="1">
              <lines>
                <line number="22" hits="80" branch="False" />
              </lines>
            </method>
            <method name="get_style" signature="()" line-rate="1" branch-rate="1" complexity="1">
              <lines>
                <line number="23" hits="80" branch="False" />
              </lines>
            </method>
            <method name="get_cover_image" signature="()" line-rate="1" branch-rate="1" complexity="1">
              <lines>
                <line number="24" hits="40" branch="False" />
              </lines>
            </method>
          </methods>
          <lines>
            <line number="18" hits="15" branch="False" />
            <line number="19" hits="50" branch="False" />
            <line number="20" hits="50" branch="False" />
            <line number="21" hits="20" branch="False" />
            <line number="22" hits="80" branch="False" />
            <line number="23" hits="80" branch="False" />
            <line number="24" hits="40" branch="False" />
          </lines>
        </class>
        <class name="MusicLibrary.Core.Models.DiscogsResponse" filename="Models/DiscogsResponse.cs" line-rate="1" branch-rate="1" complexity="10">
          <methods>
            <method name="get_DiscogsDto" signature="()" line-rate="1" branch-rate="1" complexity="1">
              <lines>
                <line number="5" hits="27" branch="False" />
              </lines>
            </method>
            <method name="get_TooManyRequests" signature="()" line-rate="1" branch-rate="1" complexity="1">
              <lines>
                <line number="6" hits="34" branch="False" />
              </lines>
            </method>
            <method name="get_IsSuccessStatusCode" signature="()" line-rate="1" branch-rate="1" complexity="1">
              <lines>
                <line number="7" hits="34" branch="False" />
              </lines>
            </method>
            <method name="Create" signature="(MusicLibrary.Core.Models.DiscogsDto,System.Boolean,System.Boolean)" line-rate="1" branch-rate="1" complexity="6">
              <lines>
                <line number="18" hits="17" branch="False" />
                <line number="19" hits="17" branch="False" />
                <line number="21" hits="17" branch="True" condition-coverage="100% (6/6)">
                  <conditions>
                    <condition number="14" type="jump" coverage="100%" />
                    <condition number="22" type="jump" coverage="100%" />
                    <condition number="40" type="jump" coverage="100%" />
                  </conditions>
                </line>
                <line number="22" hits="17" branch="False" />
                <line number="23" hits="17" branch="False" />
                <line number="24" hits="5" branch="False" />
                <line number="25" hits="5" branch="False" />
                <line number="26" hits="5" branch="False" />
                <line number="27" hits="17" branch="False" />
                <line number="28" hits="17" branch="False" />
                <line number="30" hits="17" branch="False" />
                <line number="31" hits="17" branch="False" />
              </lines>
            </method>
            <method name=".ctor" signature="()" line-rate="1" branch-rate="1" complexity="1">
              <lines>
                <line number="9" hits="17" branch="False" />
                <line number="10" hits="17" branch="False" />
                <line number="12" hits="17" branch="False" />
              </lines>
            </method>
          </methods>
          <lines>
            <line number="5" hits="27" branch="False" />
            <line number="6" hits="34" branch="False" />
            <line number="7" hits="34" branch="False" />
            <line number="18" hits="17" branch="False" />
            <line number="19" hits="17" branch="False" />
            <line number="21" hits="17" branch="True" condition-coverage="100% (6/6)">
              <conditions>
                <condition number="14" type="jump" coverage="100%" />
                <condition number="22" type="jump" coverage="100%" />
                <condition number="40" type="jump" coverage="100%" />
              </conditions>
            </line>
            <line number="22" hits="17" branch="False" />
            <line number="23" hits="17" branch="False" />
            <line number="24" hits="5" branch="False" />
            <line number="25" hits="5" branch="False" />
            <line number="26" hits="5" branch="False" />
            <line number="27" hits="17" branch="False" />
            <line number="28" hits="17" branch="False" />
            <line number="30" hits="17" branch="False" />
            <line number="31" hits="17" branch="False" />
            <line number="9" hits="17" branch="False" />
            <line number="10" hits="17" branch="False" />
            <line number="12" hits="17" branch="False" />
          </lines>
        </class>
        <class name="MusicLibrary.Core.Models.DiscogsResultsSummary" filename="Models/DiscogsResultsSummary.cs" line-rate="1" branch-rate="1" complexity="6">
          <methods>
            <method name="get_NoResultsFound" signature="()" line-rate="1" branch-rate="1" complexity="1">
              <lines>
                <line number="5" hits="15" branch="False" />
              </lines>
            </method>
            <method name="get_Countries" signature="()" line-rate="1" branch-rate="1" complexity="1">
              <lines>
                <line number="6" hits="23" branch="False" />
              </lines>
            </method>
            <method name="get_CoverImages" signature="()" line-rate="1" branch-rate="1" complexity="1">
              <lines>
                <line number="7" hits="23" branch="False" />
              </lines>
            </method>
            <method name="get_Genres" signature="()" line-rate="1" branch-rate="1" complexity="1">
              <lines>
                <line number="8" hits="23" branch="False" />
              </lines>
            </method>
            <method name="get_Styles" signature="()" line-rate="1" branch-rate="1" complexity="1">
              <lines>
                <line number="9" hits="23" branch="False" />
              </lines>
            </method>
            <method name="get_Years" signature="()" line-rate="1" branch-rate="1" complexity="1">
              <lines>
                <line number="10" hits="23" branch="False" />
              </lines>
            </method>
          </methods>
          <lines>
            <line number="5" hits="15" branch="False" />
            <line number="6" hits="23" branch="False" />
            <line number="7" hits="23" branch="False" />
            <line number="8" hits="23" branch="False" />
            <line number="9" hits="23" branch="False" />
            <line number="10" hits="23" branch="False" />
          </lines>
        </class>
        <class name="MusicLibrary.Core.Models.DiscogsSearchByArtistAndTitleParameters" filename="Models/DiscogsSearchByArtistAndTitleParameters.cs" line-rate="1" branch-rate="1" complexity="1">
          <methods>
            <method name=".ctor" signature="(System.String,System.String)" line-rate="1" branch-rate="1" complexity="1">
              <lines>
                <line number="3" hits="15" branch="False" />
                <line number="4" hits="15" branch="False" />
                <line number="5" hits="15" branch="False" />
                <line number="7" hits="15" branch="False" />
                <line number="8" hits="15" branch="False" />
              </lines>
            </method>
          </methods>
          <lines>
            <line number="3" hits="15" branch="False" />
            <line number="4" hits="15" branch="False" />
            <line number="5" hits="15" branch="False" />
            <line number="7" hits="15" branch="False" />
            <line number="8" hits="15" branch="False" />
          </lines>
        </class>
        <class name="MusicLibrary.Core.Models.DiscogsSearchByReleaseIdParameter" filename="Models/DiscogsSearchByReleaseIdParameter.cs" line-rate="1" branch-rate="1" complexity="1">
          <methods>
            <method name=".ctor" signature="(System.Int32)" line-rate="1" branch-rate="1" complexity="1">
              <lines>
                <line number="3" hits="4" branch="False" />
                <line number="4" hits="4" branch="False" />
                <line number="6" hits="4" branch="False" />
              </lines>
            </method>
          </methods>
          <lines>
            <line number="3" hits="4" branch="False" />
            <line number="4" hits="4" branch="False" />
            <line number="6" hits="4" branch="False" />
          </lines>
        </class>
        <class name="MusicLibrary.Core.Models.DiscogsSelectedResults" filename="Models/DiscogsSelectedResults.cs" line-rate="1" branch-rate="1" complexity="6">
          <methods>
            <method name="get_SelectedCountries" signature="()" line-rate="1" branch-rate="1" complexity="1">
              <lines>
                <line number="5" hits="16" branch="False" />
              </lines>
            </method>
            <method name="get_SelectedCoverImage" signature="()" line-rate="1" branch-rate="1" complexity="1">
              <lines>
                <line number="6" hits="10" branch="False" />
              </lines>
            </method>
            <method name="get_SelectedFormats" signature="()" line-rate="1" branch-rate="1" complexity="1">
              <lines>
                <line number="7" hits="8" branch="False" />
              </lines>
            </method>
            <method name="get_SelectedGenres" signature="()" line-rate="1" branch-rate="1" complexity="1">
              <lines>
                <line number="8" hits="16" branch="False" />
              </lines>
            </method>
            <method name="get_SelectedStyles" signature="()" line-rate="1" branch-rate="1" complexity="1">
              <lines>
                <line number="9" hits="16" branch="False" />
              </lines>
            </method>
            <method name="get_SelectedReleaseYear" signature="()" line-rate="1" branch-rate="1" complexity="1">
              <lines>
                <line number="10" hits="10" branch="False" />
              </lines>
            </method>
          </methods>
          <lines>
            <line number="5" hits="16" branch="False" />
            <line number="6" hits="10" branch="False" />
            <line number="7" hits="8" branch="False" />
            <line number="8" hits="16" branch="False" />
            <line number="9" hits="16" branch="False" />
            <line number="10" hits="10" branch="False" />
          </lines>
        </class>
        <class name="MusicLibrary.Core.Models.Genre" filename="Models/Genre.cs" line-rate="1" branch-rate="1" complexity="4">
          <methods>
            <method name="get_Id" signature="()" line-rate="1" branch-rate="1" complexity="1">
              <lines>
                <line number="5" hits="12" branch="False" />
              </lines>
            </method>
            <method name="get_Name" signature="()" line-rate="1" branch-rate="1" complexity="1">
              <lines>
                <line number="6" hits="24" branch="False" />
              </lines>
            </method>
            <method name=".ctor" signature="()" line-rate="1" branch-rate="1" complexity="1">
              <lines>
                <line number="8" hits="6" branch="False" />
                <line number="9" hits="6" branch="False" />
                <line number="11" hits="6" branch="False" />
              </lines>
            </method>
            <method name=".ctor" signature="(System.String)" line-rate="1" branch-rate="1" complexity="1">
              <lines>
                <line number="13" hits="6" branch="False" />
                <line number="14" hits="6" branch="False" />
                <line number="15" hits="6" branch="False" />
                <line number="16" hits="6" branch="False" />
              </lines>
            </method>
          </methods>
          <lines>
            <line number="5" hits="12" branch="False" />
            <line number="6" hits="24" branch="False" />
            <line number="8" hits="6" branch="False" />
            <line number="9" hits="6" branch="False" />
            <line number="11" hits="6" branch="False" />
            <line number="13" hits="6" branch="False" />
            <line number="14" hits="6" branch="False" />
            <line number="15" hits="6" branch="False" />
            <line number="16" hits="6" branch="False" />
          </lines>
        </class>
        <class name="MusicLibrary.Core.Models.GetAllAlbumOptions" filename="Models/GetAllAlbumOptions.cs" line-rate="1" branch-rate="1" complexity="8">
          <methods>
            <method name="get_SortField" signature="()" line-rate="1" branch-rate="1" complexity="1">
              <lines>
                <line number="5" hits="4" branch="False" />
              </lines>
            </method>
            <method name="get_SortOrder" signature="()" line-rate="1" branch-rate="1" complexity="1">
[...]
                <line number="14" hits="0" branch="False" />
                <line number="15" hits="0" branch="False" />
                <line number="16" hits="0" branch="False" />
                <line number="18" hits="0" branch="False" />
                <line number="20" hits="0" branch="False" />
                <line number="21" hits="0" branch="False" />
                <line number="22" hits="0" branch="False" />
                <line number="24" hits="0" branch="False" />
                <line number="25" hits="0" branch="False" />
              </lines>
            </method>
          </methods>
          <lines>
            <line number="11" hits="0" branch="False" />
            <line number="12" hits="0" branch="False" />
            <line number="13" hits="0" branch="False" />
            <line number="14" hits="0" branch="False" />
            <line number="15" hits="0" branch="False" />
            <line number="16" hits="0" branch="False" />
            <line number="18" hits="0" branch="False" />
            <line number="20" hits="0" branch="False" />
            <line number="21" hits="0" branch="False" />
            <line number="22" hits="0" branch="False" />
            <line number="24" hits="0" branch="False" />
            <line number="25" hits="0" branch="False" />
          </lines>
        </class>
        <class name="MusicLibrary.Core.ApiClients.DiscogsApiClient" filename="ApiClients/DiscogsApiClient.cs" line-rate="0.8915000000000001" branch-rate="0.7726999999999999" complexity="26">
          <methods>
            <method name="SearchByArtistAndTitle" signature="(MusicLibrary.Core.Models.DiscogsSearchByArtistAndTitleParameters)" line-rate="0.7646999999999999" branch-rate="0.6666" complexity="6">
              <lines>
                <line number="15" hits="16" branch="False" />
                <line number="16" hits="16" branch="False" />
                <line number="17" hits="15" branch="False" />
                <line number="18" hits="14" branch="False" />
                <line number="20" hits="13" branch="False" />
                <line number="22" hits="13" branch="False" />
                <line number="24" hits="13" branch="True" condition-coverage="50% (1/2)">
                  <conditions>
                    <condition number="76" type="jump" coverage="50%" />
                  </conditions>
                </line>
                <line number="25" hits="0" branch="False" />
                <line number="26" hits="0" branch="False" />
                <line number="29" hits="13" branch="True" condition-coverage="50% (1/2)">
                  <conditions>
                    <condition number="96" type="jump" coverage="50%" />
                  </conditions>
                </line>
                <line number="30" hits="0" branch="False" />
                <line number="31" hits="0" branch="False" />
                <line number="34" hits="13" branch="True" condition-coverage="100% (2/2)">
                  <conditions>
                    <condition number="121" type="jump" coverage="100%" />
                  </conditions>
                </line>
                <line number="35" hits="8" branch="False" />
                <line number="36" hits="8" branch="False" />
                <line number="39" hits="5" branch="False" />
                <line number="40" hits="13" branch="False" />
              </lines>
            </method>
            <method name="SearchByReleaseId" signature="(MusicLibrary.Core.Models.DiscogsSearchByReleaseIdParameter)" line-rate="0.6666" branch-rate="0.5" complexity="6">
              <lines>
                <line number="44" hits="5" branch="False" />
                <line number="45" hits="5" branch="False" />
                <line number="47" hits="4" branch="False" />
                <line number="49" hits="4" branch="False" />
                <line number="51" hits="4" branch="True" condition-coverage="50% (1/2)">
                  <conditions>
                    <condition number="42" type="jump" coverage="50%" />
                  </conditions>
                </line>
                <line number="52" hits="0" branch="False" />
                <line number="53" hits="0" branch="False" />
                <line number="56" hits="4" branch="True" condition-coverage="50% (1/2)">
                  <conditions>
                    <condition number="62" type="jump" coverage="50%" />
                  </conditions>
                </line>
                <line number="57" hits="0" branch="False" />
                <line number="58" hits="0" branch="False" />
                <line number="61" hits="4" branch="True" condition-coverage="50% (1/2)">
                  <conditions>
                    <condition number="87" type="jump" coverage="50%" />
                  </conditions>
                </line>
                <line number="62" hits="4" branch="False" />
                <line number="63" hits="4" branch="False" />
                <line number="66" hits="0" branch="False" />
                <line number="67" hits="4" branch="False" />
              </lines>
            </method>
            <method name="GetBaseQueryParameters" signature="()" line-rate="1" branch-rate="1" complexity="1">
              <lines>
                <line number="70" hits="17" branch="False" />
                <line number="71" hits="17" branch="False" />
                <line number="72" hits="17" branch="False" />
                <line number="73" hits="17" branch="False" />
                <line number="74" hits="17" branch="False" />
                <line number="76" hits="17" branch="False" />
                <line number="77" hits="17" branch="False" />
              </lines>
            </method>
            <method name="GetArtistAndTitleQueryParameters" signature="(MusicLibrary.Core.Models.DiscogsSearchByArtistAndTitleParameters)" line-rate="1" branch-rate="1" complexity="1">
              <lines>
                <line number="81" hits="13" branch="False" />
                <line number="82" hits="13" branch="False" />
                <line number="83" hits="13" branch="False" />
                <line number="84" hits="13" branch="False" />
                <line number="85" hits="13" branch="False" />
                <line number="87" hits="13" branch="False" />
                <line number="88" hits="13" branch="False" />
                <line number="89" hits="13" branch="False" />
              </lines>
            </method>
            <method name="GetReleaseIdQueryParameters" signature="(MusicLibrary.Core.Models.DiscogsSearchByReleaseIdParameter)" line-rate="1" branch-rate="1" complexity="1">
              <lines>
                <line number="93" hits="4" branch="False" />
                <line number="94" hits="4" branch="False" />
                <line number="95" hits="4" branch="False" />
                <line number="96" hits="4" branch="False" />
                <line number="98" hits="4" branch="False" />
                <line number="99" hits="4" branch="False" />
                <line number="100" hits="4" branch="False" />
              </lines>
            </method>
            <method name="GetDiscogsResultsSummary" signature="(System.Collections.Generic.IEnumerable`1&lt;MusicLibrary.Core.Models.DiscogsDto/ResultDto&gt;)" line-rate="1" branch-rate="1" complexity="10">
              <lines>
                <line number="104" hits="5" branch="False" />
                <line number="105" hits="5" branch="True" condition-coverage="100% (10/10)">
                  <conditions>
                    <condition number="124" type="jump" coverage="100%" />
                    <condition number="265" type="jump" coverage="100%" />
                    <condition number="409" type="jump" coverage="100%" />
                    <condition number="555" type="jump" coverage="100%" />
                    <condition number="701" type="jump" coverage="100%" />
                  </conditions>
                </line>
                <line number="106" hits="5" branch="False" />
                <line number="107" hits="5" branch="False" />
                <line number="108" hits="20" branch="False" />
                <line number="109" hits="15" branch="False" />
                <line number="110" hits="5" branch="False" />
                <line number="111" hits="5" branch="False" />
                <line number="112" hits="20" branch="False" />
                <line number="113" hits="10" branch="False" />
                <line number="114" hits="5" branch="False" />
                <line number="115" hits="5" branch="False" />
                <line number="116" hits="20" branch="False" />
                <line number="117" hits="20" branch="False" />
                <line number="118" hits="5" branch="False" />
                <line number="119" hits="5" branch="False" />
                <line number="120" hits="20" branch="False" />
                <line number="121" hits="20" branch="False" />
                <line number="122" hits="5" branch="False" />
                <line number="123" hits="5" branch="False" />
                <line number="124" hits="20" branch="False" />
                <line number="125" hits="15" branch="False" />
                <line number="126" hits="5" branch="False" />
                <line number="127" hits="5" branch="False" />
              </lines>
            </method>
            <method name=".ctor" signature="(MusicLibrary.Core.ApiClients.DiscogsHttpClient,MusicLibrary.Core.ApiClients.DiscogsAuth)" line-rate="1" branch-rate="1" complexity="1">
              <lines>
                <line number="6" hits="21" branch="False" />
                <line number="7" hits="21" branch="False" />
                <line number="8" hits="21" branch="False" />
                <line number="10" hits="21" branch="False" />
                <line number="11" hits="21" branch="False" />
              </lines>
            </method>
          </methods>
          <lines>
            <line number="15" hits="16" branch="False" />
            <line number="16" hits="16" branch="False" />
            <line number="17" hits="15" branch="False" />
            <line number="18" hits="14" branch="False" />
            <line number="20" hits="13" branch="False" />
            <line number="22" hits="13" branch="False" />
            <line number="24" hits="13" branch="True" condition-coverage="50% (1/2)">
              <conditions>
                <condition number="76" type="jump" coverage="50%" />
              </conditions>
            </line>
            <line number="25" hits="0" branch="False" />
            <line number="26" hits="0" branch="False" />
            <line number="29" hits="13" branch="True" condition-coverage="50% (1/2)">
              <conditions>
                <condition number="96" type="jump" coverage="50%" />
              </conditions>
            </line>
            <line number="30" hits="0" branch="False" />
            <line number="31" hits="0" branch="False" />
            <line number="34" hits="13" branch="True" condition-coverage="100% (2/2)">
              <conditions>
                <condition number="121" type="jump" coverage="100%" />
              </conditions>
            </line>
            <line number="35" hits="8" branch="False" />
            <line number="36" hits="8" branch="False" />
            <line number="39" hits="5" branch="False" />
            <line number="40" hits="13" branch="False" />
            <line number="44" hits="5" branch="False" />
            <line number="45" hits="5" branch="False" />
            <line number="47" hits="4" branch="False" />
            <line number="49" hits="4" branch="False" />
            <line number="51" hits="4" branch="True" condition-coverage="50% (1/2)">
              <conditions>
                <condition number="42" type="jump" coverage="50%" />
              </conditions>
            </line>
            <line number="52" hits="0" branch="False" />
            <line number="53" hits="0" branch="False" />
            <line number="56" hits="4" branch="True" condition-coverage="50% (1/2)">
              <conditions>
                <condition number="62" type="jump" coverage="50%" />
              </conditions>
            </line>
            <line number="57" hits="0" branch="False" />
            <line number="58" hits="0" branch="False" />
            <line number="61" hits="4" branch="True" condition-coverage="50% (1/2)">
              <conditions>
                <condition number="87" type="jump" coverage="50%" />
              </conditions>
            </line>
            <line number="62" hits="4" branch="False" />
            <line number="63" hits="4" branch="False" />
            <line number="66" hits="0" branch="False" />
            <line number="67" hits="4" branch="False" />
            <line number="70" hits="17" branch="False" />
            <line number="71" hits="17" branch="False" />
            <line number="72" hits="17" branch="False" />
            <line number="73" hits="17" branch="False" />
            <line number="74" hits="17" branch="False" />
            <line number="76" hits="17" branch="False" />
            <line number="77" hits="17" branch="False" />
            <line number="81" hits="13" branch="False" />
            <line number="82" hits="13" branch="False" />
            <line number="83" hits="13" branch="False" />
            <line number="84" hits="13" branch="False" />
            <line number="85" hits="13" branch="False" />
            <line number="87" hits="13" branch="False" />
            <line number="88" hits="13" branch="False" />
            <line number="89" hits="13" branch="False" />
            <line number="93" hits="4" branch="False" />
            <line number="94" hits="4" branch="False" />
            <line number="95" hits="4" branch="False" />
            <line number="96" hits="4" branch="False" />
            <line number="98" hits="4" branch="False" />
            <line number="99" hits="4" branch="False" />
            <line number="100" hits="4" branch="False" />
            <line number="104" hits="5" branch="False" />
            <line number="105" hits="5" branch="True" condition-coverage="100% (10/10)">
              <conditions>
                <condition number="124" type="jump" coverage="100%" />
                <condition number="265" type="jump" coverage="100%" />
                <condition number="409" type="jump" coverage="100%" />
                <condition number="555" type="jump" coverage="100%" />
                <condition number="701" type="jump" coverage="100%" />
              </conditions>
            </line>
            <line number="106" hits="5" branch="False" />
            <line number="107" hits="5" branch="False" />
            <line number="108" hits="20" branch="False" />
            <line number="109" hits="15" branch="False" />
            <line number="110" hits="5" branch="False" />
            <line number="111" hits="5" branch="False" />
            <line number="112" hits="20" branch="False" />
            <line number="113" hits="10" branch="False" />
            <line number="114" hits="5" branch="False" />
            <line number="115" hits="5" branch="False" />
            <line number="116" hits="20" branch="False" />
            <line number="117" hits="20" branch="False" />
            <line number="118" hits="5" branch="False" />
            <line number="119" hits="5" branch="False" />
            <line number="120" hits="20" branch="False" />
            <line number="121" hits="20" branch="False" />
            <line number="122" hits="5" branch="False" />
            <line number="123" hits="5" branch="False" />
            <line number="124" hits="20" branch="False" />
            <line number="125" hits="15" branch="False" />
            <line number="126" hits="5" branch="False" />
            <line number="127" hits="5" branch="False" />
            <line number="6" hits="21" branch="False" />
            <line number="7" hits="21" branch="False" />
            <line number="8" hits="21" branch="False" />
            <line number="10" hits="21" branch="False" />
            <line number="11" hits="21" branch="False" />
          </lines>
        </class>
        <class name="MusicLibrary.Core.ApiClients.DiscogsAuth" filename="ApiClients/DiscogsAuth.cs" line-rate="1" branch-rate="1" complexity="1">
          <methods>
            <method name=".ctor" signature="(System.String,System.String)" line-rate="1" branch-rate="1" complexity="1">
              <lines>
                <line number="3" hits="21" branch="False" />
                <line number="4" hits="21" branch="False" />
                <line number="5" hits="21" branch="False" />
                <line number="7" hits="21" branch="False" />
                <line number="8" hits="21" branch="False" />
              </lines>
            </method>
          </methods>
          <lines>
            <line number="3" hits="21" branch="False" />
            <line number="4" hits="21" branch="False" />
            <line number="5" hits="21" branch="False" />
            <line number="7" hits="21" branch="False" />
            <line number="8" hits="21" branch="False" />
          </lines>
        </class>
        <class name="MusicLibrary.Core.ApiClients.DiscogsHttpClient" filename="ApiClients/DiscogsHttpClient.cs" line-rate="0.1875" branch-rate="1" complexity="2">
          <methods>
            <method name="GetResponse" signature="(System.String)" line-rate="0" branch-rate="1" complexity="1">
              <lines>
                <line number="13" hits="0" branch="False" />
                <line number="14" hits="0" branch="False" />
                <line number="16" hits="0" branch="False" />
                <line number="17" hits="0" branch="False" />
                <line number="18" hits="0" branch="False" />
                <line number="20" hits="0" branch="False" />
                <line number="21" hits="0" branch="False" />
                <line number="23" hits="0" branch="False" />
                <line number="24" hits="0" branch="False" />
                <line number="25" hits="0" branch="False" />
                <line number="26" hits="0" branch="False" />
                <line number="28" hits="0" branch="False" />
                <line number="29" hits="0" branch="False" />
              </lines>
            </method>
            <method name=".ctor" signature="(System.Net.Http.HttpClient)" line-rate="1" branch-rate="1" complexity="1">
              <lines>
                <line number="7" hits="21" branch="False" />
                <line number="8" hits="21" branch="False" />
                <line number="10" hits="21" branch="False" />
              </lines>
            </method>
          </methods>
          <lines>
            <line number="13" hits="0" branch="False" />
            <line number="14" hits="0" branch="False" />
            <line number="16" hits="0" branch="False" />
            <line number="17" hits="0" branch="False" />
            <line number="18" hits="0" branch="False" />
            <line number="20" hits="0" branch="False" />
            <line number="21" hits="0" branch="False" />
            <line number="23" hits="0" branch="False" />
            <line number="24" hits="0" branch="False" />
            <line number="25" hits="0" branch="False" />
            <line number="26" hits="0" branch="False" />
            <line number="28" hits="0" branch="False" />
            <line number="29" hits="0" branch="False" />
            <line number="7" hits="21" branch="False" />
            <line number="8" hits="21" branch="False" />
            <line number="10" hits="21" branch="False" />
          </lines>
        </class>
      </classes>
    </package>
  </packages>
</coverage>